[08-Mar-2018 00:47:58 UTC] PHP Parse error:  syntax error, unexpected 'echo' (T_ECHO), expecting '{' in /home/ubuntu/workspace/lab3/index.php on line 12
[28-Mar-2018 14:40:22 UTC] PHP Warning:  Invalid argument supplied for foreach() in /home/ubuntu/workspace/midterm/prgram2.php on line 25
[28-Mar-2018 14:40:22 UTC] PHP Stack trace:
[28-Mar-2018 14:40:22 UTC] PHP   1. {main}() /home/ubuntu/workspace/midterm/prgram2.php:0
[28-Mar-2018 14:42:41 UTC] PHP Warning:  Invalid argument supplied for foreach() in /home/ubuntu/workspace/midterm/prgram2.php on line 25
[28-Mar-2018 14:42:41 UTC] PHP Stack trace:
[28-Mar-2018 14:42:41 UTC] PHP   1. {main}() /home/ubuntu/workspace/midterm/prgram2.php:0
[28-Mar-2018 14:49:05 UTC] PHP Warning:  Invalid argument supplied for foreach() in /home/ubuntu/workspace/midterm/prgram2.php on line 28
[28-Mar-2018 14:49:05 UTC] PHP Stack trace:
[28-Mar-2018 14:49:05 UTC] PHP   1. {main}() /home/ubuntu/workspace/midterm/prgram2.php:0
[28-Mar-2018 14:49:45 UTC] PHP Warning:  Invalid argument supplied for foreach() in /home/ubuntu/workspace/midterm/prgram2.php on line 29
[28-Mar-2018 14:49:45 UTC] PHP Stack trace:
[28-Mar-2018 14:49:45 UTC] PHP   1. {main}() /home/ubuntu/workspace/midterm/prgram2.php:0
[28-Mar-2018 14:50:26 UTC] PHP Warning:  Invalid argument supplied for foreach() in /home/ubuntu/workspace/midterm/prgram2.php on line 30
[28-Mar-2018 14:50:26 UTC] PHP Stack trace:
[28-Mar-2018 14:50:26 UTC] PHP   1. {main}() /home/ubuntu/workspace/midterm/prgram2.php:0
[28-Mar-2018 14:55:23 UTC] PHP Warning:  Invalid argument supplied for foreach() in /home/ubuntu/workspace/midterm/prgram2.php on line 30
[28-Mar-2018 14:55:23 UTC] PHP Stack trace:
[28-Mar-2018 14:55:23 UTC] PHP   1. {main}() /home/ubuntu/workspace/midterm/prgram2.php:0
[28-Mar-2018 15:04:35 UTC] PHP Fatal error:  Uncaught exception 'PDOException' with message 'SQLSTATE[HY000] [1045] Access denied for user 'jetblack65'@'localhost' (using password: YES)' in /home/ubuntu/workspace/midterm/database.php:11
Stack trace:
#0 /home/ubuntu/workspace/midterm/database.php(11): PDO->__construct('mysql:host=loca...', 'jetblack65', ' ')
#1 /home/ubuntu/workspace/midterm/prgram2.php(7): getDatabaseConnection()
#2 {main}
  thrown in /home/ubuntu/workspace/midterm/database.php on line 11
[28-Mar-2018 15:05:32 UTC] PHP Fatal error:  Uncaught exception 'PDOException' with message 'SQLSTATE[42000]: Syntax error or access violation: 1065 Query was empty' in /home/ubuntu/workspace/midterm/prgram2.php:11
Stack trace:
#0 /home/ubuntu/workspace/midterm/prgram2.php(11): PDOStatement->execute(NULL)
#1 {main}
  thrown in /home/ubuntu/workspace/midterm/prgram2.php on line 11
[28-Mar-2018 15:11:07 UTC] PHP Fatal error:  Uncaught exception 'PDOException' with message 'SQLSTATE[42000]: Syntax error or access violation: 1065 Query was empty' in /home/ubuntu/workspace/midterm/prgram2.php:11
Stack trace:
#0 /home/ubuntu/workspace/midterm/prgram2.php(11): PDOStatement->execute(Array)
#1 {main}
  thrown in /home/ubuntu/workspace/midterm/prgram2.php on line 11
[28-Mar-2018 15:12:16 UTC] PHP Fatal error:  Uncaught exception 'PDOException' with message 'SQLSTATE[42000]: Syntax error or access violation: 1065 Query was empty' in /home/ubuntu/workspace/midterm/prgram2.php:11
Stack trace:
#0 /home/ubuntu/workspace/midterm/prgram2.php(11): PDOStatement->execute(Array)
#1 {main}
  thrown in /home/ubuntu/workspace/midterm/prgram2.php on line 11
[28-Mar-2018 15:19:24 UTC] PHP Fatal error:  Uncaught exception 'PDOException' with message 'SQLSTATE[42000]: Syntax error or access violation: 1064 You have an error in your SQL syntax; check the manual that corresponds to your MySQL server version for the right syntax to use near '!= 'M' ORDER BY lastName ASC' at line 1' in /home/ubuntu/workspace/midterm/prgram2.php:12
Stack trace:
#0 /home/ubuntu/workspace/midterm/prgram2.php(12): PDO->query('SELECT firstNam...')
#1 {main}
  thrown in /home/ubuntu/workspace/midterm/prgram2.php on line 12
[28-Mar-2018 15:22:22 UTC] PHP Fatal error:  Uncaught exception 'PDOException' with message 'SQLSTATE[42000]: Syntax error or access violation: 1064 You have an error in your SQL syntax; check the manual that corresponds to your MySQL server version for the right syntax to use near '!='M' ORDER BY lastName ASC' at line 1' in /home/ubuntu/workspace/midterm/prgram2.php:12
Stack trace:
#0 /home/ubuntu/workspace/midterm/prgram2.php(12): PDO->query('SELECT firstNam...')
#1 {main}
  thrown in /home/ubuntu/workspace/midterm/prgram2.php on line 12
[28-Mar-2018 15:26:08 UTC] PHP Fatal error:  Uncaught exception 'PDOException' with message 'SQLSTATE[42000]: Syntax error or access violation: 1064 You have an error in your SQL syntax; check the manual that corresponds to your MySQL server version for the right syntax to use near '!='M' ORDER BY lastName' at line 1' in /home/ubuntu/workspace/midterm/prgram2.php:12
Stack trace:
#0 /home/ubuntu/workspace/midterm/prgram2.php(12): PDO->query('SELECT firstNam...')
#1 {main}
  thrown in /home/ubuntu/workspace/midterm/prgram2.php on line 12
[28-Mar-2018 15:29:53 UTC] PHP Fatal error:  Call to a member function query() on a non-object in /home/ubuntu/workspace/midterm/prgram2.php on line 21
[28-Mar-2018 15:29:53 UTC] PHP Stack trace:
[28-Mar-2018 15:29:53 UTC] PHP   1. {main}() /home/ubuntu/workspace/midterm/prgram2.php:0
[28-Mar-2018 15:33:40 UTC] PHP Fatal error:  Uncaught exception 'PDOException' with message 'SQLSTATE[42000]: Syntax error or access violation: 1065 Query was empty' in /home/ubuntu/workspace/midterm/prgram2.php:11
Stack trace:
#0 /home/ubuntu/workspace/midterm/prgram2.php(11): PDOStatement->execute(Array)
#1 {main}
  thrown in /home/ubuntu/workspace/midterm/prgram2.php on line 11
[28-Mar-2018 15:34:29 UTC] PHP Fatal error:  Uncaught exception 'PDOException' with message 'SQLSTATE[42000]: Syntax error or access violation: 1065 Query was empty' in /home/ubuntu/workspace/midterm/prgram2.php:11
Stack trace:
#0 /home/ubuntu/workspace/midterm/prgram2.php(11): PDOStatement->execute(Array)
#1 {main}
  thrown in /home/ubuntu/workspace/midterm/prgram2.php on line 11
[28-Mar-2018 15:35:35 UTC] PHP Fatal error:  Uncaught exception 'PDOException' with message 'SQLSTATE[42000]: Syntax error or access violation: 1065 Query was empty' in /home/ubuntu/workspace/midterm/prgram2.php:11
Stack trace:
#0 /home/ubuntu/workspace/midterm/prgram2.php(11): PDOStatement->execute(Array)
#1 {main}
  thrown in /home/ubuntu/workspace/midterm/prgram2.php on line 11
[28-Mar-2018 15:36:24 UTC] PHP Fatal error:  Uncaught exception 'PDOException' with message 'SQLSTATE[42000]: Syntax error or access violation: 1065 Query was empty' in /home/ubuntu/workspace/midterm/prgram2.php:11
Stack trace:
#0 /home/ubuntu/workspace/midterm/prgram2.php(11): PDOStatement->execute(Array)
#1 {main}
  thrown in /home/ubuntu/workspace/midterm/prgram2.php on line 11
[28-Mar-2018 15:40:09 UTC] PHP Warning:  Invalid argument supplied for foreach() in /home/ubuntu/workspace/midterm/prgram2.php on line 17
[28-Mar-2018 15:40:09 UTC] PHP Stack trace:
[28-Mar-2018 15:40:09 UTC] PHP   1. {main}() /home/ubuntu/workspace/midterm/prgram2.php:0
[28-Mar-2018 15:40:59 UTC] PHP Fatal error:  Uncaught exception 'PDOException' with message 'SQLSTATE[42000]: Syntax error or access violation: 1064 You have an error in your SQL syntax; check the manual that corresponds to your MySQL server version for the right syntax to use near '!='M' ORDER BY lastName' at line 1' in /home/ubuntu/workspace/midterm/prgram2.php:23
Stack trace:
#0 /home/ubuntu/workspace/midterm/prgram2.php(23): PDO->query('SELECT firstNam...')
#1 {main}
  thrown in /home/ubuntu/workspace/midterm/prgram2.php on line 23
[28-Mar-2018 15:41:36 UTC] PHP Fatal error:  Uncaught exception 'PDOException' with message 'SQLSTATE[42000]: Syntax error or access violation: 1064 You have an error in your SQL syntax; check the manual that corresponds to your MySQL server version for the right syntax to use near '!='M' ORDER BY lastName' at line 1' in /home/ubuntu/workspace/midterm/prgram2.php:23
Stack trace:
#0 /home/ubuntu/workspace/midterm/prgram2.php(23): PDO->query('SELECT firstNam...')
#1 {main}
  thrown in /home/ubuntu/workspace/midterm/prgram2.php on line 23
[28-Mar-2018 15:44:10 UTC] PHP Fatal error:  Uncaught exception 'PDOException' with message 'SQLSTATE[42000]: Syntax error or access violation: 1064 You have an error in your SQL syntax; check the manual that corresponds to your MySQL server version for the right syntax to use near '!= 'M' ORDER BY lastName ASC' at line 1' in /home/ubuntu/workspace/midterm/prgram2.php:16
Stack trace:
#0 /home/ubuntu/workspace/midterm/prgram2.php(16): PDO->query('SELECT firstNam...')
#1 {main}
  thrown in /home/ubuntu/workspace/midterm/prgram2.php on line 16
[28-Mar-2018 15:46:24 UTC] PHP Fatal error:  Uncaught exception 'PDOException' with message 'SQLSTATE[42S22]: Column not found: 1054 Unknown column 'm_students' in 'where clause'' in /home/ubuntu/workspace/midterm/prgram2.php:16
Stack trace:
#0 /home/ubuntu/workspace/midterm/prgram2.php(16): PDO->query('SELECT firstNam...')
#1 {main}
  thrown in /home/ubuntu/workspace/midterm/prgram2.php on line 16
[28-Mar-2018 15:47:31 UTC] PHP Fatal error:  Uncaught exception 'PDOException' with message 'SQLSTATE[42000]: Syntax error or access violation: 1064 You have an error in your SQL syntax; check the manual that corresponds to your MySQL server version for the right syntax to use near '!= 'M' ORDER BY lastName ASC' at line 1' in /home/ubuntu/workspace/midterm/prgram2.php:16
Stack trace:
#0 /home/ubuntu/workspace/midterm/prgram2.php(16): PDO->query('SELECT firstNam...')
#1 {main}
  thrown in /home/ubuntu/workspace/midterm/prgram2.php on line 16
[28-Mar-2018 15:47:59 UTC] PHP Fatal error:  Uncaught exception 'PDOException' with message 'SQLSTATE[42S22]: Column not found: 1054 Unknown column 'firstName' in 'field list'' in /home/ubuntu/workspace/midterm/prgram2.php:28
Stack trace:
#0 /home/ubuntu/workspace/midterm/prgram2.php(28): PDO->query('SELECT firstNam...')
#1 {main}
  thrown in /home/ubuntu/workspace/midterm/prgram2.php on line 28
[28-Mar-2018 15:49:12 UTC] PHP Warning:  mysqli_query() expects parameter 1 to be mysqli, null given in /home/ubuntu/workspace/midterm/prgram2.php on line 45
[28-Mar-2018 15:49:12 UTC] PHP Stack trace:
[28-Mar-2018 15:49:12 UTC] PHP   1. {main}() /home/ubuntu/workspace/midterm/prgram2.php:0
[28-Mar-2018 15:49:12 UTC] PHP   2. mysqli_query() /home/ubuntu/workspace/midterm/prgram2.php:45
[28-Mar-2018 15:49:12 UTC] PHP Warning:  Invalid argument supplied for foreach() in /home/ubuntu/workspace/midterm/prgram2.php on line 47
[28-Mar-2018 15:49:12 UTC] PHP Stack trace:
[28-Mar-2018 15:49:12 UTC] PHP   1. {main}() /home/ubuntu/workspace/midterm/prgram2.php:0
[28-Mar-2018 15:51:17 UTC] PHP Fatal error:  Uncaught exception 'PDOException' with message 'SQLSTATE[42S02]: Base table or view not found: 1146 Table 'midterm.m_assignment' doesn't exist' in /home/ubuntu/workspace/midterm/prgram2.php:44
Stack trace:
#0 /home/ubuntu/workspace/midterm/prgram2.php(44): PDO->query('SELECT title???...')
#1 {main}
  thrown in /home/ubuntu/workspace/midterm/prgram2.php on line 44
[28-Mar-2018 15:53:45 UTC] PHP Fatal error:  Uncaught exception 'PDOException' with message 'SQLSTATE[42000]: Syntax error or access violation: 1064 You have an error in your SQL syntax; check the manual that corresponds to your MySQL server version for the right syntax to use near '!= 'M' ORDER BY lastName ASC' at line 1' in /home/ubuntu/workspace/midterm/program2.php:16
Stack trace:
#0 /home/ubuntu/workspace/midterm/program2.php(16): PDO->query('SELECT firstNam...')
#1 {main}
  thrown in /home/ubuntu/workspace/midterm/program2.php on line 16
[28-Mar-2018 15:56:11 UTC] PHP Fatal error:  Uncaught exception 'PDOException' with message 'SQLSTATE[42S22]: Column not found: 1054 Unknown column 'firstName' in 'field list'' in /home/ubuntu/workspace/midterm/program2.php:28
Stack trace:
#0 /home/ubuntu/workspace/midterm/program2.php(28): PDO->query('SELECT firstNam...')
#1 {main}
  thrown in /home/ubuntu/workspace/midterm/program2.php on line 28
[28-Mar-2018 16:10:04 UTC] PHP Fatal error:  Uncaught exception 'PDOException' with message 'SQLSTATE[42S02]: Base table or view not found: 1146 Table 'midterm.m_assignment' doesn't exist' in /home/ubuntu/workspace/midterm/program2.php:44
Stack trace:
#0 /home/ubuntu/workspace/midterm/program2.php(44): PDO->query('SELECT title???...')
#1 {main}
  thrown in /home/ubuntu/workspace/midterm/program2.php on line 44
[28-Mar-2018 16:16:46 UTC] PHP Fatal error:  Uncaught exception 'PDOException' with message 'SQLSTATE[42S02]: Base table or view not found: 1146 Table 'midterm.m_assignment' doesn't exist' in /home/ubuntu/workspace/midterm/program2.php:43
Stack trace:
#0 /home/ubuntu/workspace/midterm/program2.php(43): PDO->query('SELECT title???...')
#1 {main}
  thrown in /home/ubuntu/workspace/midterm/program2.php on line 43
[28-Mar-2018 16:17:52 UTC] PHP Fatal error:  Uncaught exception 'PDOException' with message 'SQLSTATE[42S02]: Base table or view not found: 1146 Table 'midterm.m_assignment' doesn't exist' in /home/ubuntu/workspace/midterm/program2.php:43
Stack trace:
#0 /home/ubuntu/workspace/midterm/program2.php(43): PDO->query('SELECT title???...')
#1 {main}
  thrown in /home/ubuntu/workspace/midterm/program2.php on line 43
[28-Mar-2018 16:28:25 UTC] PHP Fatal error:  Uncaught exception 'PDOException' with message 'SQLSTATE[42000]: Syntax error or access violation: 1066 Not unique table/alias: 'm_assignments'' in /home/ubuntu/workspace/midterm/program2.php:40
Stack trace:
#0 /home/ubuntu/workspace/midterm/program2.php(40): PDO->query('SELECT m_assign...')
#1 {main}
  thrown in /home/ubuntu/workspace/midterm/program2.php on line 40
[28-Mar-2018 16:31:01 UTC] PHP Fatal error:  Uncaught exception 'PDOException' with message 'SQLSTATE[42000]: Syntax error or access violation: 1066 Not unique table/alias: 'm_assignments'' in /home/ubuntu/workspace/midterm/program2.php:40
Stack trace:
#0 /home/ubuntu/workspace/midterm/program2.php(40): PDO->query('SELECT m_assign...')
#1 {main}
  thrown in /home/ubuntu/workspace/midterm/program2.php on line 40
[28-Mar-2018 16:32:05 UTC] PHP Fatal error:  Uncaught exception 'PDOException' with message 'SQLSTATE[42000]: Syntax error or access violation: 1066 Not unique table/alias: 'm_assignments'' in /home/ubuntu/workspace/midterm/program2.php:40
Stack trace:
#0 /home/ubuntu/workspace/midterm/program2.php(40): PDO->query('SELECT m_assign...')
#1 {main}
  thrown in /home/ubuntu/workspace/midterm/program2.php on line 40
[28-Mar-2018 16:32:52 UTC] PHP Fatal error:  Uncaught exception 'PDOException' with message 'SQLSTATE[42000]: Syntax error or access violation: 1066 Not unique table/alias: 'm_assignments'' in /home/ubuntu/workspace/midterm/program2.php:40
Stack trace:
#0 /home/ubuntu/workspace/midterm/program2.php(40): PDO->query('SELECT m_assign...')
#1 {main}
  thrown in /home/ubuntu/workspace/midterm/program2.php on line 40
[28-Mar-2018 16:34:38 UTC] PHP Fatal error:  Uncaught exception 'PDOException' with message 'SQLSTATE[23000]: Integrity constraint violation: 1052 Column 'assignmentID' in where clause is ambiguous' in /home/ubuntu/workspace/midterm/program2.php:40
Stack trace:
#0 /home/ubuntu/workspace/midterm/program2.php(40): PDO->query('SELECT m_assign...')
#1 {main}
  thrown in /home/ubuntu/workspace/midterm/program2.php on line 40
[28-Mar-2018 16:47:51 UTC] PHP Fatal error:  Uncaught exception 'PDOException' with message 'SQLSTATE[42S22]: Column not found: 1054 Unknown column 'm_gradebookID.assignmentID' in 'on clause'' in /home/ubuntu/workspace/midterm/program2.php:40
Stack trace:
#0 /home/ubuntu/workspace/midterm/program2.php(40): PDO->query('SELECT m_assign...')
#1 {main}
  thrown in /home/ubuntu/workspace/midterm/program2.php on line 40
[28-Mar-2018 16:48:54 UTC] PHP Fatal error:  Uncaught exception 'PDOException' with message 'SQLSTATE[42S22]: Column not found: 1054 Unknown column 'title' in 'field list'' in /home/ubuntu/workspace/midterm/program2.php:52
Stack trace:
#0 /home/ubuntu/workspace/midterm/program2.php(52): PDO->query('SELECT title FR...')
#1 {main}
  thrown in /home/ubuntu/workspace/midterm/program2.php on line 52
[28-Mar-2018 16:51:00 UTC] PHP Fatal error:  Uncaught exception 'PDOException' with message 'SQLSTATE[23000]: Integrity constraint violation: 1052 Column 'assignmentID' in where clause is ambiguous' in /home/ubuntu/workspace/midterm/program2.php:40
Stack trace:
#0 /home/ubuntu/workspace/midterm/program2.php(40): PDO->query('SELECT m_assign...')
#1 {main}
  thrown in /home/ubuntu/workspace/midterm/program2.php on line 40
[28-Mar-2018 16:51:27 UTC] PHP Fatal error:  Uncaught exception 'PDOException' with message 'SQLSTATE[23000]: Integrity constraint violation: 1052 Column 'assignmentID' in where clause is ambiguous' in /home/ubuntu/workspace/midterm/program2.php:40
Stack trace:
#0 /home/ubuntu/workspace/midterm/program2.php(40): PDO->query('SELECT m_assign...')
#1 {main}
  thrown in /home/ubuntu/workspace/midterm/program2.php on line 40
[28-Mar-2018 16:52:38 UTC] PHP Fatal error:  Uncaught exception 'PDOException' with message 'SQLSTATE[42000]: Syntax error or access violation: 1064 You have an error in your SQL syntax; check the manual that corresponds to your MySQL server version for the right syntax to use near 'NULL ORDER BY dueDate' at line 1' in /home/ubuntu/workspace/midterm/program2.php:40
Stack trace:
#0 /home/ubuntu/workspace/midterm/program2.php(40): PDO->query('SELECT m_assign...')
#1 {main}
  thrown in /home/ubuntu/workspace/midterm/program2.php on line 40
[28-Mar-2018 17:03:54 UTC] PHP Fatal error:  Uncaught exception 'PDOException' with message 'SQLSTATE[23000]: Integrity constraint violation: 1052 Column 'assignmentID' in where clause is ambiguous' in /home/ubuntu/workspace/midterm/program2.php:40
Stack trace:
#0 /home/ubuntu/workspace/midterm/program2.php(40): PDO->query('SELECT m_assign...')
#1 {main}
  thrown in /home/ubuntu/workspace/midterm/program2.php on line 40
[28-Mar-2018 17:07:03 UTC] PHP Fatal error:  Uncaught exception 'PDOException' with message 'SQLSTATE[42000]: Syntax error or access violation: 1064 You have an error in your SQL syntax; check the manual that corresponds to your MySQL server version for the right syntax to use near 'NULL ORDER BY dueDate' at line 1' in /home/ubuntu/workspace/midterm/program2.php:40
Stack trace:
#0 /home/ubuntu/workspace/midterm/program2.php(40): PDO->query('SELECT m_assign...')
#1 {main}
  thrown in /home/ubuntu/workspace/midterm/program2.php on line 40
[28-Mar-2018 17:08:13 UTC] PHP Fatal error:  Uncaught exception 'PDOException' with message 'SQLSTATE[23000]: Integrity constraint violation: 1052 Column 'assignmentID' in where clause is ambiguous' in /home/ubuntu/workspace/midterm/program2.php:40
Stack trace:
#0 /home/ubuntu/workspace/midterm/program2.php(40): PDO->query('SELECT m_assign...')
#1 {main}
  thrown in /home/ubuntu/workspace/midterm/program2.php on line 40
[28-Mar-2018 17:09:02 UTC] PHP Fatal error:  Uncaught exception 'PDOException' with message 'SQLSTATE[23000]: Integrity constraint violation: 1052 Column 'assignmentID' in where clause is ambiguous' in /home/ubuntu/workspace/midterm/program2.php:40
Stack trace:
#0 /home/ubuntu/workspace/midterm/program2.php(40): PDO->query('SELECT m_assign...')
#1 {main}
  thrown in /home/ubuntu/workspace/midterm/program2.php on line 40
[28-Mar-2018 17:09:59 UTC] PHP Fatal error:  Uncaught exception 'PDOException' with message 'SQLSTATE[42S22]: Column not found: 1054 Unknown column 'm_gradebook.assignmentsID' in 'on clause'' in /home/ubuntu/workspace/midterm/program2.php:40
Stack trace:
#0 /home/ubuntu/workspace/midterm/program2.php(40): PDO->query('SELECT m_assign...')
#1 {main}
  thrown in /home/ubuntu/workspace/midterm/program2.php on line 40
