[28-Feb-2018 19:10:43 UTC] PHP Parse error:  syntax error, unexpected end of file in /home/ubuntu/workspace/homework/hwk2/displaychanges.php on line 30
[01-Mar-2018 04:01:07 UTC] PHP Parse error:  syntax error, unexpected end of file in /home/ubuntu/workspace/homework/hwk2/displaychanges.php on line 30
[01-Mar-2018 04:49:37 UTC] PHP Parse error:  syntax error, unexpected end of file in /home/ubuntu/workspace/homework/hwk2/displaychanges.php on line 29
[01-Mar-2018 04:50:43 UTC] PHP Parse error:  syntax error, unexpected end of file in /home/ubuntu/workspace/homework/hwk2/displaychanges.php on line 29
[02-May-2018 15:53:05 UTC] PHP Fatal error:  Call to undefined function getConnection() in /home/ubuntu/workspace/homework/hwk5/quiz.php on line 3
[02-May-2018 15:53:05 UTC] PHP Stack trace:
[02-May-2018 15:53:05 UTC] PHP   1. {main}() /home/ubuntu/workspace/homework/hwk5/quiz.php:0
[02-May-2018 15:55:20 UTC] PHP Fatal error:  Uncaught exception 'PDOException' with message 'SQLSTATE[HY000] [1049] Unknown database 'final'' in /home/ubuntu/workspace/homework/hwk5/database.php:5
Stack trace:
#0 /home/ubuntu/workspace/homework/hwk5/database.php(5): PDO->__construct('mysql:host=loca...', 'jetblack65', '')
#1 /home/ubuntu/workspace/homework/hwk5/quiz.php(3): getConnection('localhost', 'final', 'jetblack65', '')
#2 {main}
  thrown in /home/ubuntu/workspace/homework/hwk5/database.php on line 5
[02-May-2018 15:56:03 UTC] PHP Fatal error:  Uncaught exception 'PDOException' with message 'SQLSTATE[HY000] [1049] Unknown database 'final'' in /home/ubuntu/workspace/homework/hwk5/database.php:5
Stack trace:
#0 /home/ubuntu/workspace/homework/hwk5/database.php(5): PDO->__construct('mysql:host=loca...', 'jetblack65', '')
#1 /home/ubuntu/workspace/homework/hwk5/quiz.php(3): getConnection('localhost', 'final', 'jetblack65', '')
#2 {main}
  thrown in /home/ubuntu/workspace/homework/hwk5/database.php on line 5
[02-May-2018 16:32:17 UTC] PHP Warning:  include(../../includes/dbConnection.php): failed to open stream: No such file or directory in /home/ubuntu/workspace/homework/hwk5/quiz.php on line 312
[02-May-2018 16:32:17 UTC] PHP Stack trace:
[02-May-2018 16:32:17 UTC] PHP   1. {main}() /home/ubuntu/workspace/homework/hwk5/quiz.php:0
[02-May-2018 16:32:17 UTC] PHP Warning:  include(): Failed opening '../../includes/dbConnection.php' for inclusion (include_path='.:/usr/share/php:/usr/share/pear') in /home/ubuntu/workspace/homework/hwk5/quiz.php on line 312
[02-May-2018 16:32:17 UTC] PHP Stack trace:
[02-May-2018 16:32:17 UTC] PHP   1. {main}() /home/ubuntu/workspace/homework/hwk5/quiz.php:0
[02-May-2018 16:32:17 UTC] PHP Warning:  mysql_connect(): Access denied for user 'root'@'localhost' (using password: YES) in /home/ubuntu/workspace/homework/hwk5/quiz.php on line 313
[02-May-2018 16:32:17 UTC] PHP Stack trace:
[02-May-2018 16:32:17 UTC] PHP   1. {main}() /home/ubuntu/workspace/homework/hwk5/quiz.php:0
[02-May-2018 16:32:17 UTC] PHP   2. mysql_connect() /home/ubuntu/workspace/homework/hwk5/quiz.php:313
[02-May-2018 16:36:08 UTC] PHP Warning:  include(../../includes/database.php): failed to open stream: No such file or directory in /home/ubuntu/workspace/homework/hwk5/quiz.php on line 301
[02-May-2018 16:36:08 UTC] PHP Stack trace:
[02-May-2018 16:36:08 UTC] PHP   1. {main}() /home/ubuntu/workspace/homework/hwk5/quiz.php:0
[02-May-2018 16:36:08 UTC] PHP Warning:  include(): Failed opening '../../includes/database.php' for inclusion (include_path='.:/usr/share/php:/usr/share/pear') in /home/ubuntu/workspace/homework/hwk5/quiz.php on line 301
[02-May-2018 16:36:08 UTC] PHP Stack trace:
[02-May-2018 16:36:08 UTC] PHP   1. {main}() /home/ubuntu/workspace/homework/hwk5/quiz.php:0
[02-May-2018 16:36:08 UTC] PHP Warning:  mysql_connect(): Access denied for user 'root'@'localhost' (using password: YES) in /home/ubuntu/workspace/homework/hwk5/quiz.php on line 302
[02-May-2018 16:36:08 UTC] PHP Stack trace:
[02-May-2018 16:36:08 UTC] PHP   1. {main}() /home/ubuntu/workspace/homework/hwk5/quiz.php:0
[02-May-2018 16:36:08 UTC] PHP   2. mysql_connect() /home/ubuntu/workspace/homework/hwk5/quiz.php:302
