[23-Feb-2018 18:34:17 UTC] PHP Warning:  include(inc/function.php): failed to open stream: No such file or directory in /home/ubuntu/workspace/lab/Lab2/inc/index.php on line 15
[23-Feb-2018 18:34:17 UTC] PHP Stack trace:
[23-Feb-2018 18:34:17 UTC] PHP   1. {main}() /home/ubuntu/workspace/lab/Lab2/inc/index.php:0
[23-Feb-2018 18:34:17 UTC] PHP Warning:  include(): Failed opening 'inc/function.php' for inclusion (include_path='.:/usr/share/php:/usr/share/pear') in /home/ubuntu/workspace/lab/Lab2/inc/index.php on line 15
[23-Feb-2018 18:34:17 UTC] PHP Stack trace:
[23-Feb-2018 18:34:17 UTC] PHP   1. {main}() /home/ubuntu/workspace/lab/Lab2/inc/index.php:0
[23-Feb-2018 18:34:17 UTC] PHP Fatal error:  Call to undefined function play() in /home/ubuntu/workspace/lab/Lab2/inc/index.php on line 16
[23-Feb-2018 18:34:17 UTC] PHP Stack trace:
[23-Feb-2018 18:34:17 UTC] PHP   1. {main}() /home/ubuntu/workspace/lab/Lab2/inc/index.php:0
[23-Feb-2018 18:35:49 UTC] PHP Warning:  include(inc/function.php): failed to open stream: No such file or directory in /home/ubuntu/workspace/lab/Lab2/inc/index.php on line 15
[23-Feb-2018 18:35:49 UTC] PHP Stack trace:
[23-Feb-2018 18:35:49 UTC] PHP   1. {main}() /home/ubuntu/workspace/lab/Lab2/inc/index.php:0
[23-Feb-2018 18:35:49 UTC] PHP Warning:  include(): Failed opening 'inc/function.php' for inclusion (include_path='.:/usr/share/php:/usr/share/pear') in /home/ubuntu/workspace/lab/Lab2/inc/index.php on line 15
[23-Feb-2018 18:35:49 UTC] PHP Stack trace:
[23-Feb-2018 18:35:49 UTC] PHP   1. {main}() /home/ubuntu/workspace/lab/Lab2/inc/index.php:0
[23-Feb-2018 18:35:49 UTC] PHP Fatal error:  Call to undefined function play() in /home/ubuntu/workspace/lab/Lab2/inc/index.php on line 16
[23-Feb-2018 18:35:49 UTC] PHP Stack trace:
[23-Feb-2018 18:35:49 UTC] PHP   1. {main}() /home/ubuntu/workspace/lab/Lab2/inc/index.php:0
[23-Feb-2018 18:36:18 UTC] PHP Warning:  include(inc/function.php): failed to open stream: No such file or directory in /home/ubuntu/workspace/lab/Lab2/inc/index.php on line 15
[23-Feb-2018 18:36:18 UTC] PHP Stack trace:
[23-Feb-2018 18:36:18 UTC] PHP   1. {main}() /home/ubuntu/workspace/lab/Lab2/inc/index.php:0
[23-Feb-2018 18:36:18 UTC] PHP Warning:  include(): Failed opening 'inc/function.php' for inclusion (include_path='.:/usr/share/php:/usr/share/pear') in /home/ubuntu/workspace/lab/Lab2/inc/index.php on line 15
[23-Feb-2018 18:36:18 UTC] PHP Stack trace:
[23-Feb-2018 18:36:18 UTC] PHP   1. {main}() /home/ubuntu/workspace/lab/Lab2/inc/index.php:0
[23-Feb-2018 18:36:18 UTC] PHP Fatal error:  Call to undefined function play() in /home/ubuntu/workspace/lab/Lab2/inc/index.php on line 16
[23-Feb-2018 18:36:18 UTC] PHP Stack trace:
[23-Feb-2018 18:36:18 UTC] PHP   1. {main}() /home/ubuntu/workspace/lab/Lab2/inc/index.php:0
[23-Feb-2018 18:37:57 UTC] PHP Warning:  include(inc/function.php): failed to open stream: No such file or directory in /home/ubuntu/workspace/lab/Lab2/inc/index.php on line 15
[23-Feb-2018 18:37:57 UTC] PHP Stack trace:
[23-Feb-2018 18:37:57 UTC] PHP   1. {main}() /home/ubuntu/workspace/lab/Lab2/inc/index.php:0
[23-Feb-2018 18:37:57 UTC] PHP Warning:  include(): Failed opening 'inc/function.php' for inclusion (include_path='.:/usr/share/php:/usr/share/pear') in /home/ubuntu/workspace/lab/Lab2/inc/index.php on line 15
[23-Feb-2018 18:37:57 UTC] PHP Stack trace:
[23-Feb-2018 18:37:57 UTC] PHP   1. {main}() /home/ubuntu/workspace/lab/Lab2/inc/index.php:0
[23-Feb-2018 18:37:57 UTC] PHP Fatal error:  Call to undefined function play() in /home/ubuntu/workspace/lab/Lab2/inc/index.php on line 16
[23-Feb-2018 18:37:57 UTC] PHP Stack trace:
[23-Feb-2018 18:37:57 UTC] PHP   1. {main}() /home/ubuntu/workspace/lab/Lab2/inc/index.php:0
